Looking for git in: git
Using git 2.25.1 from git
> git rev-parse --git-dir
Open repository: /home/lucaspires/pontos_turisticos
> git status -z -u
> git check-ignore -v -z --stdin
> git symbolic-ref --short HEAD
> git for-each-ref --format=%(refname)%00%(upstream:short)%00%(upstream:track)%00%(objectname) refs/heads/master refs/remotes/master
> git for-each-ref --sort -committerdate --format %(refname) %(objectname) %(*objectname)
> git remote --verbose
> git config --get commit.template
> git show --textconv :core/api/viewsets.py
> git ls-files --stage -- /home/lucaspires/pontos_turisticos/core/api/viewsets.py
> git cat-file -s 24d59faa94527305a7c7db6a7a50d5ecd82b4dd7
> git status -z -u
> git symbolic-ref --short HEAD
> git for-each-ref --format=%(refname)%00%(upstream:short)%00%(upstream:track)%00%(objectname) refs/heads/master refs/remotes/master
> git for-each-ref --sort -committerdate --format %(refname) %(objectname) %(*objectname)
> git remote --verbose
> git config --get commit.template
> git show --textconv :venv/lib/python3.8/site-packages/rest_framework/authentication.py
> git ls-files --stage -- /home/lucaspires/pontos_turisticos/venv/lib/python3.8/site-packages/rest_framework/authentication.py
> git cat-file -s 9111007c097fc80e966b60c52d056f43c0aec467
> git check-ignore -v -z --stdin
> git show --textconv :core/api/viewsets.py
> git ls-files --stage -- /home/lucaspires/pontos_turisticos/core/api/viewsets.py
> git cat-file -s 24d59faa94527305a7c7db6a7a50d5ecd82b4dd7
> git status -z -u
> git symbolic-ref --short HEAD
> git for-each-ref --format=%(refname)%00%(upstream:short)%00%(upstream:track)%00%(objectname) refs/heads/master refs/remotes/master
> git for-each-ref --sort -committerdate --format %(refname) %(objectname) %(*objectname)
> git remote --verbose
> git config --get commit.template
> git status -z -u
> git symbolic-ref --short HEAD
> git for-each-ref --format=%(refname)%00%(upstream:short)%00%(upstream:track)%00%(objectname) refs/heads/master refs/remotes/master
> git for-each-ref --sort -committerdate --format %(refname) %(objectname) %(*objectname)
> git remote --verbose
> git config --get commit.template
> git status -z -u
> git symbolic-ref --short HEAD
> git for-each-ref --format=%(refname)%00%(upstream:short)%00%(upstream:track)%00%(objectname) refs/heads/master refs/remotes/master
> git for-each-ref --sort -committerdate --format %(refname) %(objectname) %(*objectname)
> git remote --verbose
> git config --get commit.template
> git status -z -u
> git symbolic-ref --short HEAD
> git for-each-ref --format=%(refname)%00%(upstream:short)%00%(upstream:track)%00%(objectname) refs/heads/master refs/remotes/master
> git for-each-ref --sort -committerdate --format %(refname) %(objectname) %(*objectname)
> git remote --verbose
> git config --get commit.template
> git status -z -u
> git symbolic-ref --short HEAD
> git for-each-ref --format=%(refname)%00%(upstream:short)%00%(upstream:track)%00%(objectname) refs/heads/master refs/remotes/master
> git for-each-ref --sort -committerdate --format %(refname) %(objectname) %(*objectname)
> git remote --verbose
> git config --get commit.template
> git show --textconv :venv/lib/python3.8/site-packages/rest_framework/permissions.py
> git ls-files --stage -- /home/lucaspires/pontos_turisticos/venv/lib/python3.8/site-packages/rest_framework/permissions.py
> git cat-file -s 3a8c58064652174da7fa6588a7c101b2cb702ae2
> git check-ignore -v -z --stdin
> git show --textconv :core/api/viewsets.py
> git ls-files --stage -- /home/lucaspires/pontos_turisticos/core/api/viewsets.py
> git cat-file -s 24d59faa94527305a7c7db6a7a50d5ecd82b4dd7
> git status -z -u
> git symbolic-ref --short HEAD
> git for-each-ref --format=%(refname)%00%(upstream:short)%00%(upstream:track)%00%(objectname) refs/heads/master refs/remotes/master
> git for-each-ref --sort -committerdate --format %(refname) %(objectname) %(*objectname)
> git remote --verbose
> git config --get commit.template
> git status -z -u
> git symbolic-ref --short HEAD
> git for-each-ref --format=%(refname)%00%(upstream:short)%00%(upstream:track)%00%(objectname) refs/heads/master refs/remotes/master
> git for-each-ref --sort -committerdate --format %(refname) %(objectname) %(*objectname)
> git remote --verbose
> git config --get commit.template
> git status -z -u
> git ls-files --stage -- /home/lucaspires/pontos_turisticos/core/api/viewsets.py
> git cat-file -s fa40761136a1535a905a2258d4bfcb52fb707073
> git show --textconv :core/api/viewsets.py
> git symbolic-ref --short HEAD
> git for-each-ref --format=%(refname)%00%(upstream:short)%00%(upstream:track)%00%(objectname) refs/heads/master refs/remotes/master
> git for-each-ref --sort -committerdate --format %(refname) %(objectname) %(*objectname)
> git remote --verbose
> git config --get commit.template
> git status -z -u
> git symbolic-ref --short HEAD
> git for-each-ref --format=%(refname)%00%(upstream:short)%00%(upstream:track)%00%(objectname) refs/heads/master refs/remotes/master
> git for-each-ref --sort -committerdate --format %(refname) %(objectname) %(*objectname)
> git remote --verbose
> git config --get commit.template
> git status -z -u
> git symbolic-ref --short HEAD
> git for-each-ref --format=%(refname)%00%(upstream:short)%00%(upstream:track)%00%(objectname) refs/heads/master refs/remotes/master
> git for-each-ref --sort -committerdate --format %(refname) %(objectname) %(*objectname)
> git remote --verbose
> git config --get commit.template
> git status -z -u
> git symbolic-ref --short HEAD
> git for-each-ref --format=%(refname)%00%(upstream:short)%00%(upstream:track)%00%(objectname) refs/heads/master refs/remotes/master
> git for-each-ref --sort -committerdate --format %(refname) %(objectname) %(*objectname)
> git remote --verbose
> git config --get commit.template
> git status -z -u
> git symbolic-ref --short HEAD
> git for-each-ref --format=%(refname)%00%(upstream:short)%00%(upstream:track)%00%(objectname) refs/heads/master refs/remotes/master
> git for-each-ref --sort -committerdate --format %(refname) %(objectname) %(*objectname)
> git remote --verbose
> git config --get commit.template
> git show --textconv :venv/lib/python3.8/site-packages/rest_framework/permissions.py
> git ls-files --stage -- /home/lucaspires/pontos_turisticos/venv/lib/python3.8/site-packages/rest_framework/permissions.py
> git cat-file -s 3a8c58064652174da7fa6588a7c101b2cb702ae2
> git show --textconv :core/api/viewsets.py
> git ls-files --stage -- /home/lucaspires/pontos_turisticos/core/api/viewsets.py
> git cat-file -s fa40761136a1535a905a2258d4bfcb52fb707073
> git status -z -u
> git ls-files --stage -- /home/lucaspires/pontos_turisticos/core/api/viewsets.py
> git cat-file -s e9e93572fe029c2a48e6ced590afcd28219f8ddb
> git show --textconv :core/api/viewsets.py
> git symbolic-ref --short HEAD
> git for-each-ref --format=%(refname)%00%(upstream:short)%00%(upstream:track)%00%(objectname) refs/heads/master refs/remotes/master
> git for-each-ref --sort -committerdate --format %(refname) %(objectname) %(*objectname)
> git remote --verbose
> git config --get commit.template
> git status -z -u
> git symbolic-ref --short HEAD
> git for-each-ref --format=%(refname)%00%(upstream:short)%00%(upstream:track)%00%(objectname) refs/heads/master refs/remotes/master
> git for-each-ref --sort -committerdate --format %(refname) %(objectname) %(*objectname)
> git remote --verbose
> git config --get commit.template
> git check-ignore -v -z --stdin
> git show --textconv :core/api/serializers.py
> git ls-files --stage -- /home/lucaspires/pontos_turisticos/core/api/serializers.py
> git cat-file -s 984e8a45f51d643119375ac309e49de1b2f77390
> git show --textconv :core/models.py
> git ls-files --stage -- /home/lucaspires/pontos_turisticos/core/models.py
> git cat-file -s a30378924cdd102872706735b8f5aad7d367dab1
> git show --textconv :core/api/viewsets.py
> git ls-files --stage -- /home/lucaspires/pontos_turisticos/core/api/viewsets.py
> git cat-file -s e9e93572fe029c2a48e6ced590afcd28219f8ddb
> git show --textconv :core/api/serializers.py
> git ls-files --stage -- /home/lucaspires/pontos_turisticos/core/api/serializers.py
> git cat-file -s 984e8a45f51d643119375ac309e49de1b2f77390
> git show --textconv :core/models.py
> git ls-files --stage -- /home/lucaspires/pontos_turisticos/core/models.py
> git cat-file -s a30378924cdd102872706735b8f5aad7d367dab1
> git show --textconv :core/api/serializers.py
> git ls-files --stage -- /home/lucaspires/pontos_turisticos/core/api/serializers.py
> git cat-file -s 984e8a45f51d643119375ac309e49de1b2f77390
> git show --textconv :core/models.py
> git ls-files --stage -- /home/lucaspires/pontos_turisticos/core/models.py
> git cat-file -s a30378924cdd102872706735b8f5aad7d367dab1
> git show --textconv :core/api/serializers.py
> git ls-files --stage -- /home/lucaspires/pontos_turisticos/core/api/serializers.py
> git cat-file -s 984e8a45f51d643119375ac309e49de1b2f77390
> git show --textconv :core/models.py
> git ls-files --stage -- /home/lucaspires/pontos_turisticos/core/models.py
> git cat-file -s a30378924cdd102872706735b8f5aad7d367dab1
> git show --textconv :core/api/serializers.py
> git ls-files --stage -- /home/lucaspires/pontos_turisticos/core/api/serializers.py
> git cat-file -s 984e8a45f51d643119375ac309e49de1b2f77390
> git show --textconv :core/views.py
> git ls-files --stage -- /home/lucaspires/pontos_turisticos/core/views.py
> git cat-file -s 91ea44a218fbd2f408430959283f0419c921093e
> git show --textconv :core/api/viewsets.py
> git ls-files --stage -- /home/lucaspires/pontos_turisticos/core/api/viewsets.py
> git cat-file -s e9e93572fe029c2a48e6ced590afcd28219f8ddb
> git status -z -u
> git symbolic-ref --short HEAD
> git for-each-ref --format=%(refname)%00%(upstream:short)%00%(upstream:track)%00%(objectname) refs/heads/master refs/remotes/master
> git for-each-ref --sort -committerdate --format %(refname) %(objectname) %(*objectname)
> git remote --verbose
> git config --get commit.template
> git show --textconv :core/api/serializers.py
> git ls-files --stage -- /home/lucaspires/pontos_turisticos/core/api/serializers.py
> git cat-file -s 984e8a45f51d643119375ac309e49de1b2f77390
> git status -z -u
> git symbolic-ref --short HEAD
> git for-each-ref --format=%(refname)%00%(upstream:short)%00%(upstream:track)%00%(objectname) refs/heads/master refs/remotes/master
> git for-each-ref --sort -committerdate --format %(refname) %(objectname) %(*objectname)
> git remote --verbose
> git config --get commit.template
> git status -z -u
> git symbolic-ref --short HEAD
> git for-each-ref --format=%(refname)%00%(upstream:short)%00%(upstream:track)%00%(objectname) refs/heads/master refs/remotes/master
> git for-each-ref --sort -committerdate --format %(refname) %(objectname) %(*objectname)
> git remote --verbose
> git config --get commit.template
> git status -z -u
> git symbolic-ref --short HEAD
> git for-each-ref --format=%(refname)%00%(upstream:short)%00%(upstream:track)%00%(objectname) refs/heads/master refs/remotes/master
> git for-each-ref --sort -committerdate --format %(refname) %(objectname) %(*objectname)
> git remote --verbose
> git config --get commit.template
> git status -z -u
> git symbolic-ref --short HEAD
> git for-each-ref --format=%(refname)%00%(upstream:short)%00%(upstream:track)%00%(objectname) refs/heads/master refs/remotes/master
> git for-each-ref --sort -committerdate --format %(refname) %(objectname) %(*objectname)
> git remote --verbose
> git config --get commit.template
> git status -z -u
> git symbolic-ref --short HEAD
> git for-each-ref --format=%(refname)%00%(upstream:short)%00%(upstream:track)%00%(objectname) refs/heads/master refs/remotes/master
> git for-each-ref --sort -committerdate --format %(refname) %(objectname) %(*objectname)
> git remote --verbose
> git config --get commit.template
> git status -z -u
> git symbolic-ref --short HEAD
> git for-each-ref --format=%(refname)%00%(upstream:short)%00%(upstream:track)%00%(objectname) refs/heads/master refs/remotes/master
> git for-each-ref --sort -committerdate --format %(refname) %(objectname) %(*objectname)
> git remote --verbose
> git config --get commit.template
> git status -z -u
> git symbolic-ref --short HEAD
> git for-each-ref --format=%(refname)%00%(upstream:short)%00%(upstream:track)%00%(objectname) refs/heads/master refs/remotes/master
> git for-each-ref --sort -committerdate --format %(refname) %(objectname) %(*objectname)
> git remote --verbose
> git config --get commit.template
> git status -z -u
> git symbolic-ref --short HEAD
> git for-each-ref --format=%(refname)%00%(upstream:short)%00%(upstream:track)%00%(objectname) refs/heads/master refs/remotes/master
> git for-each-ref --sort -committerdate --format %(refname) %(objectname) %(*objectname)
> git remote --verbose
> git config --get commit.template
