[2021-04-06 14:02:20.375] [exthost] [info] extension host started
[2021-04-06 14:02:20.396] [exthost] [info] ExtensionService#_doActivateExtension vscode.microsoft-authentication {"startup":false,"extensionId":{"value":"vscode.microsoft-authentication","_lower":"vscode.microsoft-authentication"},"activationEvent":"onAuthenticationRequest:microsoft"}
[2021-04-06 14:02:20.397] [exthost] [info] ExtensionService#loadCommonJSModule file:///usr/share/code/resources/app/extensions/microsoft-authentication/dist/extension.js
[2021-04-06 14:02:20.409] [exthost] [info] ExtensionService#_doActivateExtension vscode.debug-auto-launch {"startup":true,"extensionId":{"value":"vscode.debug-auto-launch","_lower":"vscode.debug-auto-launch"},"activationEvent":"*"}
[2021-04-06 14:02:20.409] [exthost] [info] ExtensionService#loadCommonJSModule file:///usr/share/code/resources/app/extensions/debug-auto-launch/dist/extension
[2021-04-06 14:02:20.412] [exthost] [info] ExtensionService#_doActivateExtension vscode.git {"startup":true,"extensionId":{"value":"vscode.github","_lower":"vscode.github"},"activationEvent":"*"}
[2021-04-06 14:02:20.412] [exthost] [info] ExtensionService#loadCommonJSModule file:///usr/share/code/resources/app/extensions/git/dist/main
[2021-04-06 14:02:20.475] [exthost] [info] ExtensionService#_doActivateExtension vscode.github {"startup":true,"extensionId":{"value":"vscode.github","_lower":"vscode.github"},"activationEvent":"*"}
[2021-04-06 14:02:20.475] [exthost] [info] ExtensionService#loadCommonJSModule file:///usr/share/code/resources/app/extensions/github/dist/extension.js
[2021-04-06 14:02:20.494] [exthost] [info] ExtensionService#_doActivateExtension ms-vscode.js-debug {"startup":false,"extensionId":{"value":"ms-vscode.js-debug","_lower":"ms-vscode.js-debug"},"activationEvent":"onCommand:extension.js-debug.clearAutoAttachVariables"}
[2021-04-06 14:02:20.494] [exthost] [info] ExtensionService#loadCommonJSModule file:///usr/share/code/resources/app/extensions/ms-vscode.js-debug/src/extension.js
[2021-04-06 14:02:20.602] [exthost] [info] eager extensions activated
[2021-04-06 14:02:20.610] [exthost] [info] ExtensionService#_doActivateExtension vscode.emmet {"startup":false,"extensionId":{"value":"vscode.emmet","_lower":"vscode.emmet"},"activationEvent":"onStartupFinished"}
[2021-04-06 14:02:20.610] [exthost] [info] ExtensionService#loadCommonJSModule file:///usr/share/code/resources/app/extensions/emmet/dist/node/emmetNodeMain
[2021-04-06 14:02:20.621] [exthost] [info] ExtensionService#_doActivateExtension vscode.merge-conflict {"startup":false,"extensionId":{"value":"vscode.merge-conflict","_lower":"vscode.merge-conflict"},"activationEvent":"onStartupFinished"}
[2021-04-06 14:02:20.621] [exthost] [info] ExtensionService#loadCommonJSModule file:///usr/share/code/resources/app/extensions/merge-conflict/dist/mergeConflictMain
[2021-04-06 14:02:20.624] [exthost] [info] ExtensionService#_doActivateExtension vscode.testing-editor-contributions {"startup":false,"extensionId":{"value":"vscode.testing-editor-contributions","_lower":"vscode.testing-editor-contributions"},"activationEvent":"onStartupFinished"}
[2021-04-06 14:02:20.624] [exthost] [info] ExtensionService#loadCommonJSModule file:///usr/share/code/resources/app/extensions/testing-editor-contributions/dist/extension.js
[2021-04-06 14:02:20.628] [exthost] [info] ExtensionService#_doActivateExtension eamodio.gitlens {"startup":false,"extensionId":{"value":"eamodio.gitlens","_lower":"eamodio.gitlens"},"activationEvent":"onStartupFinished"}
[2021-04-06 14:02:20.628] [exthost] [info] ExtensionService#loadCommonJSModule file:///root/.vscode/extensions/eamodio.gitlens-11.2.1/dist/gitlens
[2021-04-06 14:02:20.751] [exthost] [info] ExtensionService#_doActivateExtension vscode.github-authentication {"startup":false,"extensionId":{"value":"vscode.github-authentication","_lower":"vscode.github-authentication"},"activationEvent":"onAuthenticationRequest:github"}
[2021-04-06 14:02:20.751] [exthost] [info] ExtensionService#loadCommonJSModule file:///usr/share/code/resources/app/extensions/github-authentication/dist/extension.js
[2021-04-06 14:02:32.550] [exthost] [info] extension host terminating: received terminate message from renderer
[2021-04-06 14:02:33.357] [exthost] [info] extension host started
[2021-04-06 14:02:33.375] [exthost] [info] ExtensionService#_doActivateExtension vscode.microsoft-authentication {"startup":false,"extensionId":{"value":"vscode.microsoft-authentication","_lower":"vscode.microsoft-authentication"},"activationEvent":"onAuthenticationRequest:microsoft"}
[2021-04-06 14:02:33.375] [exthost] [info] ExtensionService#loadCommonJSModule file:///usr/share/code/resources/app/extensions/microsoft-authentication/dist/extension.js
[2021-04-06 14:02:33.379] [exthost] [info] ExtensionService#_doActivateExtension vscode.debug-auto-launch {"startup":true,"extensionId":{"value":"vscode.debug-auto-launch","_lower":"vscode.debug-auto-launch"},"activationEvent":"*"}
[2021-04-06 14:02:33.379] [exthost] [info] ExtensionService#loadCommonJSModule file:///usr/share/code/resources/app/extensions/debug-auto-launch/dist/extension
[2021-04-06 14:02:33.380] [exthost] [info] ExtensionService#_doActivateExtension vscode.git {"startup":true,"extensionId":{"value":"vscode.github","_lower":"vscode.github"},"activationEvent":"*"}
[2021-04-06 14:02:33.381] [exthost] [info] ExtensionService#loadCommonJSModule file:///usr/share/code/resources/app/extensions/git/dist/main
[2021-04-06 14:02:33.440] [exthost] [info] ExtensionService#_doActivateExtension vscode.github {"startup":true,"extensionId":{"value":"vscode.github","_lower":"vscode.github"},"activationEvent":"*"}
[2021-04-06 14:02:33.440] [exthost] [info] ExtensionService#loadCommonJSModule file:///usr/share/code/resources/app/extensions/github/dist/extension.js
[2021-04-06 14:02:33.442] [exthost] [info] ExtensionService#_doActivateExtension ms-vscode.js-debug {"startup":false,"extensionId":{"value":"ms-vscode.js-debug","_lower":"ms-vscode.js-debug"},"activationEvent":"onCommand:extension.js-debug.clearAutoAttachVariables"}
[2021-04-06 14:02:33.442] [exthost] [info] ExtensionService#loadCommonJSModule file:///usr/share/code/resources/app/extensions/ms-vscode.js-debug/src/extension.js
[2021-04-06 14:02:33.558] [exthost] [info] exiting with code 0
[2021-04-06 14:02:33.585] [exthost] [info] eager extensions activated
[2021-04-06 14:02:33.592] [exthost] [info] ExtensionService#_doActivateExtension vscode.emmet {"startup":false,"extensionId":{"value":"vscode.emmet","_lower":"vscode.emmet"},"activationEvent":"onStartupFinished"}
[2021-04-06 14:02:33.593] [exthost] [info] ExtensionService#loadCommonJSModule file:///usr/share/code/resources/app/extensions/emmet/dist/node/emmetNodeMain
[2021-04-06 14:02:33.595] [exthost] [info] ExtensionService#_doActivateExtension vscode.merge-conflict {"startup":false,"extensionId":{"value":"vscode.merge-conflict","_lower":"vscode.merge-conflict"},"activationEvent":"onStartupFinished"}
[2021-04-06 14:02:33.595] [exthost] [info] ExtensionService#loadCommonJSModule file:///usr/share/code/resources/app/extensions/merge-conflict/dist/mergeConflictMain
[2021-04-06 14:02:33.596] [exthost] [info] ExtensionService#_doActivateExtension vscode.testing-editor-contributions {"startup":false,"extensionId":{"value":"vscode.testing-editor-contributions","_lower":"vscode.testing-editor-contributions"},"activationEvent":"onStartupFinished"}
[2021-04-06 14:02:33.596] [exthost] [info] ExtensionService#loadCommonJSModule file:///usr/share/code/resources/app/extensions/testing-editor-contributions/dist/extension.js
[2021-04-06 14:02:33.597] [exthost] [info] ExtensionService#_doActivateExtension eamodio.gitlens {"startup":false,"extensionId":{"value":"eamodio.gitlens","_lower":"eamodio.gitlens"},"activationEvent":"onStartupFinished"}
[2021-04-06 14:02:33.597] [exthost] [info] ExtensionService#loadCommonJSModule file:///root/.vscode/extensions/eamodio.gitlens-11.2.1/dist/gitlens
[2021-04-06 14:02:33.625] [exthost] [info] ExtensionService#_doActivateExtension vscode.github-authentication {"startup":false,"extensionId":{"value":"vscode.github-authentication","_lower":"vscode.github-authentication"},"activationEvent":"onAuthenticationRequest:github"}
[2021-04-06 14:02:33.625] [exthost] [info] ExtensionService#loadCommonJSModule file:///usr/share/code/resources/app/extensions/github-authentication/dist/extension.js
[2021-04-06 14:06:13.555] [exthost] [info] ExtensionService#_doActivateExtension ms-toolsai.jupyter {"startup":false,"extensionId":{"value":"ms-toolsai.jupyter","_lower":"ms-toolsai.jupyter"},"activationEvent":"onLanguage:python"}
[2021-04-06 14:06:13.555] [exthost] [info] ExtensionService#loadCommonJSModule file:///root/.vscode/extensions/ms-toolsai.jupyter-2021.2.603412351/out/client/extension
[2021-04-06 14:06:13.956] [exthost] [info] ExtensionService#_doActivateExtension ms-python.python {"startup":false,"extensionId":{"value":"ms-python.python","_lower":"ms-python.python"},"activationEvent":"onLanguage:python"}
[2021-04-06 14:06:13.956] [exthost] [info] ExtensionService#loadCommonJSModule file:///root/.vscode/extensions/ms-python.python-2021.2.633441544/out/client/extension
[2021-04-06 14:06:36.574] [exthost] [warning] [Decorations] CAPPING events from decorations provider vscode.git 266
[2021-04-06 14:10:25.428] [exthost] [warning] [Decorations] CAPPING events from decorations provider vscode.git 267
[2021-04-06 14:10:32.678] [exthost] [warning] [Decorations] CAPPING events from decorations provider vscode.git 267
[2021-04-06 14:12:36.074] [exthost] [warning] [Decorations] CAPPING events from decorations provider vscode.git 268
[2021-04-06 14:13:04.768] [exthost] [warning] [Decorations] CAPPING events from decorations provider vscode.git 268
[2021-04-06 14:13:15.167] [exthost] [warning] [Decorations] CAPPING events from decorations provider vscode.git 268
[2021-04-06 14:13:20.274] [exthost] [warning] [Decorations] CAPPING events from decorations provider vscode.git 268
[2021-04-06 14:15:22.943] [exthost] [warning] [Decorations] CAPPING events from decorations provider vscode.git 268
[2021-04-06 14:20:11.884] [exthost] [warning] [Decorations] CAPPING events from decorations provider vscode.git 268
[2021-04-06 14:20:28.359] [exthost] [warning] [Decorations] CAPPING events from decorations provider vscode.git 268
[2021-04-06 14:24:43.179] [exthost] [warning] [Decorations] CAPPING events from decorations provider vscode.git 268
[2021-04-06 15:25:12.504] [exthost] [info] ExtensionService#_doActivateExtension vscode.html-language-features {"startup":false,"extensionId":{"value":"vscode.html-language-features","_lower":"vscode.html-language-features"},"activationEvent":"onLanguage:html"}
[2021-04-06 15:25:12.505] [exthost] [info] ExtensionService#loadCommonJSModule file:///usr/share/code/resources/app/extensions/html-language-features/client/dist/node/htmlClientMain
[2021-04-06 15:27:14.455] [exthost] [info] ExtensionService#_doActivateExtension vscode.debug-server-ready {"startup":false,"extensionId":{"value":"vscode.debug-server-ready","_lower":"vscode.debug-server-ready"},"activationEvent":"onDebugResolve"}
[2021-04-06 15:27:14.456] [exthost] [info] ExtensionService#loadCommonJSModule file:///usr/share/code/resources/app/extensions/debug-server-ready/dist/extension
[2021-04-06 16:20:50.641] [exthost] [info] ExtensionService#_doActivateExtension vscode.configuration-editing {"startup":false,"extensionId":{"value":"vscode.configuration-editing","_lower":"vscode.configuration-editing"},"activationEvent":"onLanguage:jsonc"}
[2021-04-06 16:20:50.641] [exthost] [info] ExtensionService#loadCommonJSModule file:///usr/share/code/resources/app/extensions/configuration-editing/dist/configurationEditingMain
[2021-04-06 16:20:50.649] [exthost] [info] ExtensionService#_doActivateExtension vscode.json-language-features {"startup":false,"extensionId":{"value":"vscode.json-language-features","_lower":"vscode.json-language-features"},"activationEvent":"onLanguage:jsonc"}
[2021-04-06 16:20:50.650] [exthost] [info] ExtensionService#loadCommonJSModule file:///usr/share/code/resources/app/extensions/json-language-features/client/dist/node/jsonClientMain
[2021-04-06 16:20:50.679] [exthost] [info] ExtensionService#_doActivateExtension vscode.typescript-language-features {"startup":false,"extensionId":{"value":"vscode.typescript-language-features","_lower":"vscode.typescript-language-features"},"activationEvent":"onLanguage:jsonc"}
[2021-04-06 16:20:50.679] [exthost] [info] ExtensionService#loadCommonJSModule file:///usr/share/code/resources/app/extensions/typescript-language-features/dist/extension
[2021-04-06 18:01:20.970] [exthost] [info] extension host terminating: received terminate message from renderer
[2021-04-06 18:01:21.987] [exthost] [info] exiting with code 0
